# Logfile created on Thu May 08 13:27:26 -0400 2008

Processing PagesController#index (for 127.0.0.1 at 2008-05-08 13:27:29) [GET]
  Session ID: BAh7BzoMY3NyZl9pZCIlYTMwY2IxODcyYzU4MDYzMTI5ZjJkYmNjYzRhOTY4%0AMzEiCmZsYXNoSUM6J0FjdGlvbkNvbnRyb2xsZXI6OkZsYXNoOjpGbGFzaEhh%0Ac2h7AAY6CkB1c2VkewA%3D--223658973615b2a3f5af37c5f9e87b6f386f2620
  Parameters: {"action"=>"index", "controller"=>"pages"}
  [4;36;1mSQL (0.000282)[0m   [0;1mSET NAMES 'utf8'[0m
  [4;35;1mSQL (0.000102)[0m   [0mSET SQL_AUTO_IS_NULL=0[0m
Rendering template within layouts/application
Rendering pages/index
Completed in 0.09577 (10 reqs/sec) | Rendering: 0.09332 (97%) | DB: 0.00038 (0%) | 200 OK [http://localhost/]


Processing ProjectsController#index (for 127.0.0.1 at 2008-05-08 13:27:34) [GET]
  Session ID: BAh7BzoMY3NyZl9pZCIlYTMwY2IxODcyYzU4MDYzMTI5ZjJkYmNjYzRhOTY4%0AMzEiCmZsYXNoSUM6J0FjdGlvbkNvbnRyb2xsZXI6OkZsYXNoOjpGbGFzaEhh%0Ac2h7AAY6CkB1c2VkewA%3D--223658973615b2a3f5af37c5f9e87b6f386f2620
  Parameters: {"action"=>"index", "controller"=>"projects"}
  [4;36;1mProject Load (0.000480)[0m   [0;1mSELECT * FROM `projects` [0m
Rendering template within layouts/application
Rendering projects/index
Completed in 0.03505 (28 reqs/sec) | Rendering: 0.02533 (72%) | DB: 0.00048 (1%) | 200 OK [http://localhost/projects]


Processing PagesController#index (for 127.0.0.1 at 2008-05-08 13:27:37) [GET]
  Session ID: BAh7BzoMY3NyZl9pZCIlYTMwY2IxODcyYzU4MDYzMTI5ZjJkYmNjYzRhOTY4%0AMzEiCmZsYXNoSUM6J0FjdGlvbkNvbnRyb2xsZXI6OkZsYXNoOjpGbGFzaEhh%0Ac2h7AAY6CkB1c2VkewA%3D--223658973615b2a3f5af37c5f9e87b6f386f2620
  Parameters: {"action"=>"index", "controller"=>"pages"}
Rendering template within layouts/application
Rendering pages/index
Completed in 0.10155 (9 reqs/sec) | Rendering: 0.09917 (97%) | DB: 0.00000 (0%) | 200 OK [http://localhost/]
  [4;36;1mSQL (0.000247)[0m   [0;1mSET NAMES 'utf8'[0m
  [4;35;1mSQL (0.000098)[0m   [0mSET SQL_AUTO_IS_NULL=0[0m
  [4;36;1mSQL (0.002236)[0m   [0;1mDROP TABLE `assignments`[0m
  [4;35;1mSQL (0.002597)[0m   [0mCREATE TABLE `assignments` (`id` int(11) DEFAULT NULL auto_increment PRIMARY KEY, `employee_id` int(11) DEFAULT NULL, `project_id` int(11) DEFAULT NULL, `title` varchar(255) DEFAULT NULL, `created_at` datetime DEFAULT NULL, `updated_at` datetime DEFAULT NULL) ENGINE=InnoDB[0m
  [4;36;1mSQL (0.001691)[0m   [0;1mDROP TABLE `categories`[0m
  [4;35;1mSQL (0.004744)[0m   [0mCREATE TABLE `categories` (`id` int(11) DEFAULT NULL auto_increment PRIMARY KEY, `name` varchar(255) DEFAULT NULL, `created_at` datetime DEFAULT NULL, `updated_at` datetime DEFAULT NULL) ENGINE=InnoDB[0m
  [4;36;1mSQL (0.001836)[0m   [0;1mDROP TABLE `categorizations`[0m
  [4;35;1mSQL (0.002885)[0m   [0mCREATE TABLE `categorizations` (`id` int(11) DEFAULT NULL auto_increment PRIMARY KEY, `project_id` int(11) DEFAULT NULL, `category_id` int(11) DEFAULT NULL, `created_at` datetime DEFAULT NULL, `updated_at` datetime DEFAULT NULL) ENGINE=InnoDB[0m
  [4;36;1mSQL (0.004528)[0m   [0;1mDROP TABLE `codes`[0m
  [4;35;1mSQL (0.003311)[0m   [0mCREATE TABLE `codes` (`id` int(11) DEFAULT NULL auto_increment PRIMARY KEY, `name` varchar(255) DEFAULT NULL, `category` varchar(255) DEFAULT NULL, `created_at` datetime DEFAULT NULL, `updated_at` datetime DEFAULT NULL) ENGINE=InnoDB[0m
  [4;36;1mSQL (0.001770)[0m   [0;1mDROP TABLE `codes_projects`[0m
  [4;35;1mSQL (0.002658)[0m   [0mCREATE TABLE `codes_projects` (`id` int(11) DEFAULT NULL auto_increment PRIMARY KEY, `code_id` int(11) DEFAULT NULL, `project_id` int(11) DEFAULT NULL, `created_at` datetime DEFAULT NULL, `updated_at` datetime DEFAULT NULL) ENGINE=InnoDB[0m
  [4;36;1mSQL (0.002137)[0m   [0;1mDROP TABLE `employees`[0m
  [4;35;1mSQL (0.002530)[0m   [0mCREATE TABLE `employees` (`id` int(11) DEFAULT NULL auto_increment PRIMARY KEY, `name` varchar(255) DEFAULT NULL, `created_at` datetime DEFAULT NULL, `updated_at` datetime DEFAULT NULL) ENGINE=InnoDB[0m
  [4;36;1mSQL (0.002169)[0m   [0;1mDROP TABLE `project_details`[0m
  [4;35;1mSQL (0.002837)[0m   [0mCREATE TABLE `project_details` (`id` int(11) DEFAULT NULL auto_increment PRIMARY KEY, `project_id` int(11) DEFAULT NULL, `description` varchar(255) DEFAULT NULL, `created_at` datetime DEFAULT NULL, `updated_at` datetime DEFAULT NULL) ENGINE=InnoDB[0m
  [4;36;1mSQL (0.007045)[0m   [0;1mDROP TABLE `projects`[0m
  [4;35;1mSQL (0.003756)[0m   [0mCREATE TABLE `projects` (`id` int(11) DEFAULT NULL auto_increment PRIMARY KEY, `name` varchar(255) DEFAULT NULL, `created_at` datetime DEFAULT NULL, `updated_at` datetime DEFAULT NULL) ENGINE=InnoDB[0m
  [4;36;1mSQL (0.002054)[0m   [0;1mDROP TABLE `projects_tags`[0m
  [4;35;1mSQL (0.003028)[0m   [0mCREATE TABLE `projects_tags` (`id` int(11) DEFAULT NULL auto_increment PRIMARY KEY, `project_id` int(11) DEFAULT NULL, `tag_id` int(11) DEFAULT NULL, `created_at` datetime DEFAULT NULL, `updated_at` datetime DEFAULT NULL) ENGINE=InnoDB[0m
  [4;36;1mSQL (0.001814)[0m   [0;1mDROP TABLE `tags`[0m
  [4;35;1mSQL (0.003066)[0m   [0mCREATE TABLE `tags` (`id` int(11) DEFAULT NULL auto_increment PRIMARY KEY, `name` varchar(255) DEFAULT NULL, `created_at` datetime DEFAULT NULL, `updated_at` datetime DEFAULT NULL) ENGINE=InnoDB[0m
  [4;36;1mSQL (0.001951)[0m   [0;1mDROP TABLE `tasks`[0m
  [4;35;1mSQL (0.004029)[0m   [0mCREATE TABLE `tasks` (`id` int(11) DEFAULT NULL auto_increment PRIMARY KEY, `project_id` int(11) DEFAULT NULL, `name` varchar(255) DEFAULT NULL, `complete` tinyint(1) DEFAULT 0 NOT NULL, `created_at` datetime DEFAULT NULL, `updated_at` datetime DEFAULT NULL) ENGINE=InnoDB[0m
  [4;36;1mSQL (0.004262)[0m   [0;1mSHOW TABLES[0m
  [4;35;1mSQL (0.000563)[0m   [0mSELECT version FROM `schema_migrations`[0m
  [4;36;1mSQL (0.000421)[0m   [0;1mSET NAMES 'utf8'[0m
  [4;35;1mSQL (0.000301)[0m   [0mSET SQL_AUTO_IS_NULL=0[0m


Processing ProjectsController#index (for 127.0.0.1 at 2008-05-08 13:27:49) [GET]
  Session ID: BAh7BzoMY3NyZl9pZCIlYTMwY2IxODcyYzU4MDYzMTI5ZjJkYmNjYzRhOTY4%0AMzEiCmZsYXNoSUM6J0FjdGlvbkNvbnRyb2xsZXI6OkZsYXNoOjpGbGFzaEhh%0Ac2h7AAY6CkB1c2VkewA%3D--223658973615b2a3f5af37c5f9e87b6f386f2620
  Parameters: {"action"=>"index", "controller"=>"projects"}
  [4;35;1mProject Load (0.000306)[0m   [0mSELECT * FROM `projects` [0m
Rendering template within layouts/application
Rendering projects/index
  [4;36;1mProject Columns (0.002220)[0m   [0;1mSHOW FIELDS FROM `projects`[0m
Completed in 0.04752 (21 reqs/sec) | Rendering: 0.03595 (75%) | DB: 0.00253 (5%) | 200 OK [http://localhost/projects]


Processing ProjectsController#show (for 127.0.0.1 at 2008-05-08 13:27:51) [GET]
  Session ID: BAh7BzoMY3NyZl9pZCIlYTMwY2IxODcyYzU4MDYzMTI5ZjJkYmNjYzRhOTY4%0AMzEiCmZsYXNoSUM6J0FjdGlvbkNvbnRyb2xsZXI6OkZsYXNoOjpGbGFzaEhh%0Ac2h7AAY6CkB1c2VkewA%3D--223658973615b2a3f5af37c5f9e87b6f386f2620
  Parameters: {"action"=>"show", "id"=>"1", "controller"=>"projects"}
  [4;35;1mProject Columns (0.002313)[0m   [0mSHOW FIELDS FROM `projects`[0m
  [4;36;1mProject Load (0.000302)[0m   [0;1mSELECT * FROM `projects` WHERE (`projects`.`id` = 1) [0m
Rendering template within layouts/application
Rendering projects/show
  [4;35;1mTask Load (0.000325)[0m   [0mSELECT * FROM `tasks` WHERE (`tasks`.project_id = 1) [0m
  [4;36;1mTask Columns (0.001797)[0m   [0;1mSHOW FIELDS FROM `tasks`[0m
  [4;35;1mAssignment Load (0.000343)[0m   [0mSELECT * FROM `assignments` WHERE (`assignments`.project_id = 1) [0m
  [4;36;1mAssignment Columns (0.002445)[0m   [0;1mSHOW FIELDS FROM `assignments`[0m
  [4;35;1mEmployee Columns (0.001962)[0m   [0mSHOW FIELDS FROM `employees`[0m
  [4;36;1mEmployee Load (0.000954)[0m   [0;1mSELECT * FROM `employees` WHERE (`employees`.`id` = 1) [0m
  [4;35;1mEmployee Load (0.000229)[0m   [0mSELECT * FROM `employees` WHERE (`employees`.`id` = 2) [0m
  [4;36;1mEmployee Load (0.000204)[0m   [0;1mSELECT * FROM `employees` WHERE (`employees`.`id` = 3) [0m
  [4;35;1mCategory Load (0.000452)[0m   [0mSELECT `categories`.* FROM `categories` INNER JOIN categorizations ON categories.id = categorizations.category_id WHERE ((`categorizations`.project_id = 1)) [0m
  [4;36;1mCategory Columns (0.001805)[0m   [0;1mSHOW FIELDS FROM `categories`[0m
  [4;35;1mProjectDetail Load (0.000549)[0m   [0mSELECT * FROM `project_details` WHERE (`project_details`.project_id = 1) LIMIT 1[0m
  [4;36;1mJoin Table Columns (0.002092)[0m   [0;1mSHOW FIELDS FROM `projects_tags`[0m
  [4;35;1mTag Load (0.001159)[0m   [0mSELECT * FROM `tags` INNER JOIN `projects_tags` ON `tags`.id = `projects_tags`.tag_id WHERE (`projects_tags`.project_id = 1 ) [0m
Completed in 0.14749 (6 reqs/sec) | Rendering: 0.05639 (38%) | DB: 0.01693 (11%) | 200 OK [http://localhost/projects/1]
  [4;36;1mSQL (0.000301)[0m   [0;1mSET NAMES 'utf8'[0m
  [4;35;1mSQL (0.000106)[0m   [0mSET SQL_AUTO_IS_NULL=0[0m
  [4;36;1mSQL (0.002248)[0m   [0;1mDROP TABLE `assignments`[0m
  [4;35;1mSQL (0.002504)[0m   [0mCREATE TABLE `assignments` (`id` int(11) DEFAULT NULL auto_increment PRIMARY KEY, `employee_id` int(11) DEFAULT NULL, `project_id` int(11) DEFAULT NULL, `title` varchar(255) DEFAULT NULL, `created_at` datetime DEFAULT NULL, `updated_at` datetime DEFAULT NULL) ENGINE=InnoDB[0m
  [4;36;1mSQL (0.001507)[0m   [0;1mDROP TABLE `categories`[0m
  [4;35;1mSQL (0.004396)[0m   [0mCREATE TABLE `categories` (`id` int(11) DEFAULT NULL auto_increment PRIMARY KEY, `name` varchar(255) DEFAULT NULL, `created_at` datetime DEFAULT NULL, `updated_at` datetime DEFAULT NULL) ENGINE=InnoDB[0m
  [4;36;1mSQL (0.002089)[0m   [0;1mDROP TABLE `categorizations`[0m
  [4;35;1mSQL (0.002254)[0m   [0mCREATE TABLE `categorizations` (`id` int(11) DEFAULT NULL auto_increment PRIMARY KEY, `project_id` int(11) DEFAULT NULL, `category_id` int(11) DEFAULT NULL, `created_at` datetime DEFAULT NULL, `updated_at` datetime DEFAULT NULL) ENGINE=InnoDB[0m
  [4;36;1mSQL (0.001732)[0m   [0;1mDROP TABLE `codes`[0m
  [4;35;1mSQL (0.003484)[0m   [0mCREATE TABLE `codes` (`id` int(11) DEFAULT NULL auto_increment PRIMARY KEY, `name` varchar(255) DEFAULT NULL, `category` varchar(255) DEFAULT NULL, `created_at` datetime DEFAULT NULL, `updated_at` datetime DEFAULT NULL) ENGINE=InnoDB[0m
  [4;36;1mSQL (0.002400)[0m   [0;1mDROP TABLE `codes_projects`[0m
  [4;35;1mSQL (0.002802)[0m   [0mCREATE TABLE `codes_projects` (`id` int(11) DEFAULT NULL auto_increment PRIMARY KEY, `code_id` int(11) DEFAULT NULL, `project_id` int(11) DEFAULT NULL, `created_at` datetime DEFAULT NULL, `updated_at` datetime DEFAULT NULL) ENGINE=InnoDB[0m
  [4;36;1mSQL (0.001916)[0m   [0;1mDROP TABLE `employees`[0m
  [4;35;1mSQL (0.002604)[0m   [0mCREATE TABLE `employees` (`id` int(11) DEFAULT NULL auto_increment PRIMARY KEY, `name` varchar(255) DEFAULT NULL, `created_at` datetime DEFAULT NULL, `updated_at` datetime DEFAULT NULL) ENGINE=InnoDB[0m
  [4;36;1mSQL (0.001807)[0m   [0;1mDROP TABLE `project_details`[0m
  [4;35;1mSQL (0.002658)[0m   [0mCREATE TABLE `project_details` (`id` int(11) DEFAULT NULL auto_increment PRIMARY KEY, `project_id` int(11) DEFAULT NULL, `description` varchar(255) DEFAULT NULL, `created_at` datetime DEFAULT NULL, `updated_at` datetime DEFAULT NULL) ENGINE=InnoDB[0m
  [4;36;1mSQL (0.001875)[0m   [0;1mDROP TABLE `projects`[0m
  [4;35;1mSQL (0.002615)[0m   [0mCREATE TABLE `projects` (`id` int(11) DEFAULT NULL auto_increment PRIMARY KEY, `name` varchar(255) DEFAULT NULL, `created_at` datetime DEFAULT NULL, `updated_at` datetime DEFAULT NULL) ENGINE=InnoDB[0m
  [4;36;1mSQL (0.002012)[0m   [0;1mDROP TABLE `projects_tags`[0m
  [4;35;1mSQL (0.003234)[0m   [0mCREATE TABLE `projects_tags` (`id` int(11) DEFAULT NULL auto_increment PRIMARY KEY, `project_id` int(11) DEFAULT NULL, `tag_id` int(11) DEFAULT NULL, `created_at` datetime DEFAULT NULL, `updated_at` datetime DEFAULT NULL) ENGINE=InnoDB[0m
  [4;36;1mSQL (0.001780)[0m   [0;1mDROP TABLE `tags`[0m
  [4;35;1mSQL (0.002623)[0m   [0mCREATE TABLE `tags` (`id` int(11) DEFAULT NULL auto_increment PRIMARY KEY, `name` varchar(255) DEFAULT NULL, `created_at` datetime DEFAULT NULL, `updated_at` datetime DEFAULT NULL) ENGINE=InnoDB[0m
  [4;36;1mSQL (0.021345)[0m   [0;1mDROP TABLE `tasks`[0m
  [4;35;1mSQL (0.002870)[0m   [0mCREATE TABLE `tasks` (`id` int(11) DEFAULT NULL auto_increment PRIMARY KEY, `project_id` int(11) DEFAULT NULL, `name` varchar(255) DEFAULT NULL, `complete` tinyint(1) DEFAULT 0 NOT NULL, `created_at` datetime DEFAULT NULL, `updated_at` datetime DEFAULT NULL) ENGINE=InnoDB[0m
  [4;36;1mSQL (0.000797)[0m   [0;1mSHOW TABLES[0m
  [4;35;1mSQL (0.000281)[0m   [0mSELECT version FROM `schema_migrations`[0m
  [4;36;1mSQL (0.000124)[0m   [0;1mSET NAMES 'utf8'[0m
  [4;35;1mSQL (0.000099)[0m   [0mSET SQL_AUTO_IS_NULL=0[0m


Processing ProjectsController#edit (for 127.0.0.1 at 2008-05-08 13:31:27) [GET]
  Session ID: BAh7BzoMY3NyZl9pZCIlYTMwY2IxODcyYzU4MDYzMTI5ZjJkYmNjYzRhOTY4%0AMzEiCmZsYXNoSUM6J0FjdGlvbkNvbnRyb2xsZXI6OkZsYXNoOjpGbGFzaEhh%0Ac2h7AAY6CkB1c2VkewA%3D--223658973615b2a3f5af37c5f9e87b6f386f2620
  Parameters: {"action"=>"edit", "id"=>"1", "controller"=>"projects"}
  [4;36;1mProject Columns (0.002248)[0m   [0;1mSHOW FIELDS FROM `projects`[0m
  [4;35;1mProject Load (0.000307)[0m   [0mSELECT * FROM `projects` WHERE (`projects`.`id` = 1) [0m
Rendering template within layouts/application
Rendering projects/edit
  [4;36;1mTask Columns (0.001607)[0m   [0;1mSHOW FIELDS FROM `tasks`[0m
Rendered projects/_task (0.00138)
  [4;35;1mTask Load (0.000329)[0m   [0mSELECT * FROM `tasks` WHERE (`tasks`.project_id = 1) [0m
  [4;36;1mAssignment Columns (0.003555)[0m   [0;1mSHOW FIELDS FROM `assignments`[0m
  [4;35;1mEmployee Load (0.000295)[0m   [0mSELECT * FROM `employees` [0m
  [4;36;1mEmployee Columns (0.001517)[0m   [0;1mSHOW FIELDS FROM `employees`[0m
Rendered projects/_assignment (0.01462)
  [4;35;1mAssignment Load (0.000292)[0m   [0mSELECT * FROM `assignments` WHERE (`assignments`.project_id = 1) [0m
Rendered projects/_error_messages (0.00019)
Rendered projects/_task (0.00057)
Rendered projects/_task (0.00053)
Rendered projects/_task (0.00051)
  [4;36;1mCACHE (0.000000)[0m   [0;1mSELECT * FROM `employees` [0m
Rendered projects/_assignment (0.00081)
  [4;35;1mCACHE (0.000000)[0m   [0mSELECT * FROM `employees` [0m
Rendered projects/_assignment (0.00074)
  [4;36;1mCACHE (0.000000)[0m   [0;1mSELECT * FROM `employees` [0m
Rendered projects/_assignment (0.00064)
  [4;35;1mCategory Load (0.000320)[0m   [0mSELECT * FROM `categories` [0m
  [4;36;1mCategory Columns (0.001528)[0m   [0;1mSHOW FIELDS FROM `categories`[0m
  [4;35;1mCategory Exists (0.000277)[0m   [0mSELECT `categories`.* FROM `categories` INNER JOIN categorizations ON categories.id = categorizations.category_id WHERE (`categories`.`id` = 1) AND ((`categorizations`.project_id = 1)) LIMIT 1[0m
Rendered projects/_category (0.00375)
  [4;36;1mCategory Exists (0.000190)[0m   [0;1mSELECT `categories`.* FROM `categories` INNER JOIN categorizations ON categories.id = categorizations.category_id WHERE (`categories`.`id` = 2) AND ((`categorizations`.project_id = 1)) LIMIT 1[0m
Rendered projects/_category (0.00085)
  [4;35;1mCategory Exists (0.000177)[0m   [0mSELECT `categories`.* FROM `categories` INNER JOIN categorizations ON categories.id = categorizations.category_id WHERE (`categories`.`id` = 3) AND ((`categorizations`.project_id = 1)) LIMIT 1[0m
Rendered projects/_category (0.00080)
  [4;36;1mTag Load (0.000471)[0m   [0;1mSELECT * FROM `tags` [0m
  [4;35;1mSQL (0.000258)[0m   [0mselect count(*) from projects_tags[0m
  [4;36;1mJoin Table Columns (0.001432)[0m   [0;1mSHOW FIELDS FROM `projects_tags`[0m
  [4;35;1mTag Load (0.000888)[0m   [0mSELECT * FROM `tags` INNER JOIN `projects_tags` ON `tags`.id = `projects_tags`.tag_id WHERE (`projects_tags`.project_id = 1 ) [0m
  [4;36;1mProjectDetail Load (0.000482)[0m   [0;1mSELECT * FROM `project_details` WHERE (`project_details`.project_id = 1) LIMIT 1[0m
Rendered projects/_form (0.14218)
Completed in 0.16433 (6 reqs/sec) | Rendering: 0.13859 (84%) | DB: 0.01617 (9%) | 200 OK [http://localhost/projects/1/edit]


Processing ProjectsController#update (for 127.0.0.1 at 2008-05-08 13:31:35) [PUT]
  Session ID: BAh7BzoMY3NyZl9pZCIlYTMwY2IxODcyYzU4MDYzMTI5ZjJkYmNjYzRhOTY4%0AMzEiCmZsYXNoSUM6J0FjdGlvbkNvbnRyb2xsZXI6OkZsYXNoOjpGbGFzaEhh%0Ac2h7AAY6CkB1c2VkewA%3D--223658973615b2a3f5af37c5f9e87b6f386f2620
  Parameters: {"commit"=>"Submit", "project"=>{"name"=>"Apollo 11", "existing_task_attributes"=>{"6"=>{"name"=>"Come Back Safely", "marked_for_deletion"=>"false", "complete"=>"0"}, "4"=>{"name"=>"Take Off", "marked_for_deletion"=>"false", "complete"=>"1"}, "5"=>{"name"=>"Land on Moon", "marked_for_deletion"=>"false", "complete"=>"1"}}, "category_attributes"=>{"1"=>"1", "2"=>"1", "3"=>"1"}, "project_detail_attributes"=>{"description"=>""}, "existing_assignment_attributes"=>{"1"=>{"title"=>"Commander", "employee_id"=>"1"}, "2"=>{"title"=>"Command Module Pilot", "employee_id"=>"2"}, "3"=>{"title"=>"Lunar Module Pilot", "employee_id"=>"3"}}}, "authenticity_token"=>"bf076981917f6734cfc602f41c60c6682bfbb285", "_method"=>"put", "action"=>"update", "id"=>"1", "controller"=>"projects"}
  [4;35;1mProject Columns (0.002591)[0m   [0mSHOW FIELDS FROM `projects`[0m
  [4;36;1mProject Load (0.001415)[0m   [0;1mSELECT * FROM `projects` WHERE (`projects`.`id` = 1) [0m
  [4;35;1mTask Load (0.000386)[0m   [0mSELECT * FROM `tasks` WHERE (`tasks`.project_id = 1) [0m
  [4;36;1mTask Columns (0.001924)[0m   [0;1mSHOW FIELDS FROM `tasks`[0m
  [4;35;1mCategorization Load (0.000336)[0m   [0mSELECT * FROM `categorizations` WHERE (`categorizations`.project_id = 1) [0m
  [4;36;1mCategorization Columns (0.001733)[0m   [0;1mSHOW FIELDS FROM `categorizations`[0m


NoMethodError (undefined method `project_detail_attributes=' for #<Project:0x246e61c>):
    /vendor/rails/activerecord/lib/active_record/attribute_methods.rb:240:in `method_missing'
    /vendor/rails/activerecord/lib/active_record/base.rb:2313:in `send'
    /vendor/rails/activerecord/lib/active_record/base.rb:2313:in `attributes='
    /vendor/rails/activerecord/lib/active_record/base.rb:2312:in `each'
    /vendor/rails/activerecord/lib/active_record/base.rb:2312:in `attributes='
    /vendor/rails/activerecord/lib/active_record/base.rb:2226:in `update_attributes'
    /app/controllers/projects_controller.rb:70:in `update'
    /vendor/rails/actionpack/lib/action_controller/mime_responds.rb:106:in `call'
    /vendor/rails/actionpack/lib/action_controller/mime_responds.rb:106:in `respond_to'
    /app/controllers/projects_controller.rb:69:in `update'
    /vendor/rails/actionpack/lib/action_controller/base.rb:1160:in `send'
    /vendor/rails/actionpack/lib/action_controller/base.rb:1160:in `perform_action_without_filters'
    /vendor/rails/actionpack/lib/action_controller/filters.rb:579:in `call_filters'
    /vendor/rails/actionpack/lib/action_controller/filters.rb:572:in `perform_action_without_benchmark'
    /vendor/rails/actionpack/lib/action_controller/benchmarking.rb:68:in `perform_action_without_rescue'
    /opt/local/lib/ruby/1.8/benchmark.rb:293:in `measure'
    /vendor/rails/actionpack/lib/action_controller/benchmarking.rb:68:in `perform_action_without_rescue'
    /vendor/rails/actionpack/lib/action_controller/rescue.rb:199:in `perform_action_without_caching'
    /vendor/rails/actionpack/lib/action_controller/caching/sql_cache.rb:13:in `perform_action'
    /vendor/rails/activerecord/lib/active_record/connection_adapters/abstract/query_cache.rb:33:in `cache'
    /vendor/rails/activerecord/lib/active_record/query_cache.rb:8:in `cache'
    /vendor/rails/actionpack/lib/action_controller/caching/sql_cache.rb:12:in `perform_action'
    /vendor/rails/actionpack/lib/action_controller/base.rb:526:in `send'
    /vendor/rails/actionpack/lib/action_controller/base.rb:526:in `process_without_filters'
    /vendor/rails/actionpack/lib/action_controller/filters.rb:568:in `process_without_session_management_support'
    /vendor/rails/actionpack/lib/action_controller/session_management.rb:123:in `process'
    /vendor/rails/actionpack/lib/action_controller/base.rb:387:in `process'
    /vendor/rails/actionpack/lib/action_controller/dispatcher.rb:156:in `handle_request'
    /vendor/rails/actionpack/lib/action_controller/dispatcher.rb:97:in `dispatch'
    /vendor/rails/actionpack/lib/action_controller/dispatcher.rb:94:in `synchronize'
    /vendor/rails/actionpack/lib/action_controller/dispatcher.rb:94:in `dispatch'
    /vendor/rails/actionpack/lib/action_controller/dispatcher.rb:110:in `dispatch_cgi'
    /vendor/rails/actionpack/lib/action_controller/dispatcher.rb:11:in `dispatch'
    /opt/local/lib/ruby/gems/1.8/gems/mongrel-1.1.4/bin/../lib/mongrel/rails.rb:76:in `process'
    /opt/local/lib/ruby/gems/1.8/gems/mongrel-1.1.4/bin/../lib/mongrel/rails.rb:74:in `synchronize'
    /opt/local/lib/ruby/gems/1.8/gems/mongrel-1.1.4/bin/../lib/mongrel/rails.rb:74:in `process'
    /opt/local/lib/ruby/gems/1.8/gems/mongrel-1.1.4/bin/../lib/mongrel.rb:159:in `process_client'
    /opt/local/lib/ruby/gems/1.8/gems/mongrel-1.1.4/bin/../lib/mongrel.rb:158:in `each'
    /opt/local/lib/ruby/gems/1.8/gems/mongrel-1.1.4/bin/../lib/mongrel.rb:158:in `process_client'
    /opt/local/lib/ruby/gems/1.8/gems/mongrel-1.1.4/bin/../lib/mongrel.rb:285:in `run'
    /opt/local/lib/ruby/gems/1.8/gems/mongrel-1.1.4/bin/../lib/mongrel.rb:285:in `initialize'
    /opt/local/lib/ruby/gems/1.8/gems/mongrel-1.1.4/bin/../lib/mongrel.rb:285:in `new'
    /opt/local/lib/ruby/gems/1.8/gems/mongrel-1.1.4/bin/../lib/mongrel.rb:285:in `run'
    /opt/local/lib/ruby/gems/1.8/gems/mongrel-1.1.4/bin/../lib/mongrel.rb:268:in `initialize'
    /opt/local/lib/ruby/gems/1.8/gems/mongrel-1.1.4/bin/../lib/mongrel.rb:268:in `new'
    /opt/local/lib/ruby/gems/1.8/gems/mongrel-1.1.4/bin/../lib/mongrel.rb:268:in `run'
    /opt/local/lib/ruby/gems/1.8/gems/mongrel-1.1.4/bin/../lib/mongrel/configurator.rb:282:in `run'
    /opt/local/lib/ruby/gems/1.8/gems/mongrel-1.1.4/bin/../lib/mongrel/configurator.rb:281:in `each'
    /opt/local/lib/ruby/gems/1.8/gems/mongrel-1.1.4/bin/../lib/mongrel/configurator.rb:281:in `run'
    /opt/local/lib/ruby/gems/1.8/gems/mongrel-1.1.4/bin/mongrel_rails:128:in `run'
    /opt/local/lib/ruby/gems/1.8/gems/mongrel-1.1.4/bin/../lib/mongrel/command.rb:212:in `run'
    /opt/local/lib/ruby/gems/1.8/gems/mongrel-1.1.4/bin/mongrel_rails:281
    /opt/local/bin/mongrel_rails:19:in `load'
    /opt/local/bin/mongrel_rails:19

Rendering /Users/jeff/Sites/lab/demo/vendor/rails/actionpack/lib/action_controller/templates/rescues/layout.erb (internal_server_error)


Processing ProjectsController#update (for 127.0.0.1 at 2008-05-08 13:50:15) [PUT]
  Session ID: BAh7BzoMY3NyZl9pZCIlYTMwY2IxODcyYzU4MDYzMTI5ZjJkYmNjYzRhOTY4%0AMzEiCmZsYXNoSUM6J0FjdGlvbkNvbnRyb2xsZXI6OkZsYXNoOjpGbGFzaEhh%0Ac2h7AAY6CkB1c2VkewA%3D--223658973615b2a3f5af37c5f9e87b6f386f2620
  Parameters: {"commit"=>"Submit", "project"=>{"name"=>"Apollo 11", "existing_task_attributes"=>{"6"=>{"name"=>"Come Back Safely", "marked_for_deletion"=>"false", "complete"=>"0"}, "4"=>{"name"=>"Take Off", "marked_for_deletion"=>"false", "complete"=>"1"}, "5"=>{"name"=>"Land on Moon", "marked_for_deletion"=>"false", "complete"=>"1"}}, "category_attributes"=>{"1"=>"1", "2"=>"1", "3"=>"1"}, "project_detail_attributes"=>{"description"=>""}, "existing_assignment_attributes"=>{"1"=>{"title"=>"Commander", "employee_id"=>"1"}, "2"=>{"title"=>"Command Module Pilot", "employee_id"=>"2"}, "3"=>{"title"=>"Lunar Module Pilot", "employee_id"=>"3"}}}, "authenticity_token"=>"bf076981917f6734cfc602f41c60c6682bfbb285", "_method"=>"put", "action"=>"update", "id"=>"1", "controller"=>"projects"}
  [4;36;1mSQL (0.000252)[0m   [0;1mSET NAMES 'utf8'[0m
  [4;35;1mSQL (0.000087)[0m   [0mSET SQL_AUTO_IS_NULL=0[0m
  [4;36;1mProject Columns (0.002726)[0m   [0;1mSHOW FIELDS FROM `projects`[0m
  [4;35;1mProject Load (0.001474)[0m   [0mSELECT * FROM `projects` WHERE (`projects`.`id` = 1) [0m
  [4;36;1mTask Load (0.000378)[0m   [0;1mSELECT * FROM `tasks` WHERE (`tasks`.project_id = 1) [0m
  [4;35;1mTask Columns (0.002000)[0m   [0mSHOW FIELDS FROM `tasks`[0m
  [4;36;1mCategorization Load (0.000347)[0m   [0;1mSELECT * FROM `categorizations` WHERE (`categorizations`.project_id = 1) [0m
  [4;35;1mCategorization Columns (0.001653)[0m   [0mSHOW FIELDS FROM `categorizations`[0m


NoMethodError (undefined method `project_detail_attributes=' for #<Project:0x247e65c>):
    /vendor/rails/activerecord/lib/active_record/attribute_methods.rb:240:in `method_missing'
    /vendor/rails/activerecord/lib/active_record/base.rb:2313:in `send'
    /vendor/rails/activerecord/lib/active_record/base.rb:2313:in `attributes='
    /vendor/rails/activerecord/lib/active_record/base.rb:2312:in `each'
    /vendor/rails/activerecord/lib/active_record/base.rb:2312:in `attributes='
    /vendor/rails/activerecord/lib/active_record/base.rb:2226:in `update_attributes'
    /app/controllers/projects_controller.rb:70:in `update'
    /vendor/rails/actionpack/lib/action_controller/mime_responds.rb:106:in `call'
    /vendor/rails/actionpack/lib/action_controller/mime_responds.rb:106:in `respond_to'
    /app/controllers/projects_controller.rb:69:in `update'
    /vendor/rails/actionpack/lib/action_controller/base.rb:1160:in `send'
    /vendor/rails/actionpack/lib/action_controller/base.rb:1160:in `perform_action_without_filters'
    /vendor/rails/actionpack/lib/action_controller/filters.rb:579:in `call_filters'
    /vendor/rails/actionpack/lib/action_controller/filters.rb:572:in `perform_action_without_benchmark'
    /vendor/rails/actionpack/lib/action_controller/benchmarking.rb:68:in `perform_action_without_rescue'
    /opt/local/lib/ruby/1.8/benchmark.rb:293:in `measure'
    /vendor/rails/actionpack/lib/action_controller/benchmarking.rb:68:in `perform_action_without_rescue'
    /vendor/rails/actionpack/lib/action_controller/rescue.rb:199:in `perform_action_without_caching'
    /vendor/rails/actionpack/lib/action_controller/caching/sql_cache.rb:13:in `perform_action'
    /vendor/rails/activerecord/lib/active_record/connection_adapters/abstract/query_cache.rb:33:in `cache'
    /vendor/rails/activerecord/lib/active_record/query_cache.rb:8:in `cache'
    /vendor/rails/actionpack/lib/action_controller/caching/sql_cache.rb:12:in `perform_action'
    /vendor/rails/actionpack/lib/action_controller/base.rb:526:in `send'
    /vendor/rails/actionpack/lib/action_controller/base.rb:526:in `process_without_filters'
    /vendor/rails/actionpack/lib/action_controller/filters.rb:568:in `process_without_session_management_support'
    /vendor/rails/actionpack/lib/action_controller/session_management.rb:123:in `process'
    /vendor/rails/actionpack/lib/action_controller/base.rb:387:in `process'
    /vendor/rails/actionpack/lib/action_controller/dispatcher.rb:156:in `handle_request'
    /vendor/rails/actionpack/lib/action_controller/dispatcher.rb:97:in `dispatch'
    /vendor/rails/actionpack/lib/action_controller/dispatcher.rb:94:in `synchronize'
    /vendor/rails/actionpack/lib/action_controller/dispatcher.rb:94:in `dispatch'
    /vendor/rails/actionpack/lib/action_controller/dispatcher.rb:110:in `dispatch_cgi'
    /vendor/rails/actionpack/lib/action_controller/dispatcher.rb:11:in `dispatch'
    /opt/local/lib/ruby/gems/1.8/gems/mongrel-1.1.4/bin/../lib/mongrel/rails.rb:76:in `process'
    /opt/local/lib/ruby/gems/1.8/gems/mongrel-1.1.4/bin/../lib/mongrel/rails.rb:74:in `synchronize'
    /opt/local/lib/ruby/gems/1.8/gems/mongrel-1.1.4/bin/../lib/mongrel/rails.rb:74:in `process'
    /opt/local/lib/ruby/gems/1.8/gems/mongrel-1.1.4/bin/../lib/mongrel.rb:159:in `process_client'
    /opt/local/lib/ruby/gems/1.8/gems/mongrel-1.1.4/bin/../lib/mongrel.rb:158:in `each'
    /opt/local/lib/ruby/gems/1.8/gems/mongrel-1.1.4/bin/../lib/mongrel.rb:158:in `process_client'
    /opt/local/lib/ruby/gems/1.8/gems/mongrel-1.1.4/bin/../lib/mongrel.rb:285:in `run'
    /opt/local/lib/ruby/gems/1.8/gems/mongrel-1.1.4/bin/../lib/mongrel.rb:285:in `initialize'
    /opt/local/lib/ruby/gems/1.8/gems/mongrel-1.1.4/bin/../lib/mongrel.rb:285:in `new'
    /opt/local/lib/ruby/gems/1.8/gems/mongrel-1.1.4/bin/../lib/mongrel.rb:285:in `run'
    /opt/local/lib/ruby/gems/1.8/gems/mongrel-1.1.4/bin/../lib/mongrel.rb:268:in `initialize'
    /opt/local/lib/ruby/gems/1.8/gems/mongrel-1.1.4/bin/../lib/mongrel.rb:268:in `new'
    /opt/local/lib/ruby/gems/1.8/gems/mongrel-1.1.4/bin/../lib/mongrel.rb:268:in `run'
    /opt/local/lib/ruby/gems/1.8/gems/mongrel-1.1.4/bin/../lib/mongrel/configurator.rb:282:in `run'
    /opt/local/lib/ruby/gems/1.8/gems/mongrel-1.1.4/bin/../lib/mongrel/configurator.rb:281:in `each'
    /opt/local/lib/ruby/gems/1.8/gems/mongrel-1.1.4/bin/../lib/mongrel/configurator.rb:281:in `run'
    /opt/local/lib/ruby/gems/1.8/gems/mongrel-1.1.4/bin/mongrel_rails:128:in `run'
    /opt/local/lib/ruby/gems/1.8/gems/mongrel-1.1.4/bin/../lib/mongrel/command.rb:212:in `run'
    /opt/local/lib/ruby/gems/1.8/gems/mongrel-1.1.4/bin/mongrel_rails:281

Rendering /Users/jeff/Sites/lab/demo/vendor/rails/actionpack/lib/action_controller/templates/rescues/layout.erb (internal_server_error)


Processing ProjectsController#update (for 127.0.0.1 at 2008-05-08 13:50:40) [PUT]
  Session ID: BAh7BzoMY3NyZl9pZCIlYTMwY2IxODcyYzU4MDYzMTI5ZjJkYmNjYzRhOTY4%0AMzEiCmZsYXNoSUM6J0FjdGlvbkNvbnRyb2xsZXI6OkZsYXNoOjpGbGFzaEhh%0Ac2h7AAY6CkB1c2VkewA%3D--223658973615b2a3f5af37c5f9e87b6f386f2620
  Parameters: {"commit"=>"Submit", "project"=>{"name"=>"Apollo 11", "existing_task_attributes"=>{"6"=>{"name"=>"Come Back Safely", "marked_for_deletion"=>"false", "complete"=>"0"}, "4"=>{"name"=>"Take Off", "marked_for_deletion"=>"false", "complete"=>"1"}, "5"=>{"name"=>"Land on Moon", "marked_for_deletion"=>"false", "complete"=>"1"}}, "category_attributes"=>{"1"=>"1", "2"=>"1", "3"=>"1"}, "project_detail_attributes"=>{"description"=>""}, "existing_assignment_attributes"=>{"1"=>{"title"=>"Commander", "employee_id"=>"1"}, "2"=>{"title"=>"Command Module Pilot", "employee_id"=>"2"}, "3"=>{"title"=>"Lunar Module Pilot", "employee_id"=>"3"}}}, "authenticity_token"=>"bf076981917f6734cfc602f41c60c6682bfbb285", "_method"=>"put", "action"=>"update", "id"=>"1", "controller"=>"projects"}
  [4;36;1mSQL (0.000291)[0m   [0;1mSET NAMES 'utf8'[0m
  [4;35;1mSQL (0.000102)[0m   [0mSET SQL_AUTO_IS_NULL=0[0m
  [4;36;1mProject Columns (0.002635)[0m   [0;1mSHOW FIELDS FROM `projects`[0m
  [4;35;1mProject Load (0.001131)[0m   [0mSELECT * FROM `projects` WHERE (`projects`.`id` = 1) [0m
  [4;36;1mTask Load (0.000754)[0m   [0;1mSELECT * FROM `tasks` WHERE (`tasks`.project_id = 1) [0m
  [4;35;1mTask Columns (0.001921)[0m   [0mSHOW FIELDS FROM `tasks`[0m
  [4;36;1mCategorization Load (0.000287)[0m   [0;1mSELECT * FROM `categorizations` WHERE (`categorizations`.project_id = 1) [0m
  [4;35;1mCategorization Columns (0.002430)[0m   [0mSHOW FIELDS FROM `categorizations`[0m
  [4;36;1mProjectDetail Load (0.000384)[0m   [0;1mSELECT * FROM `project_details` WHERE (`project_details`.project_id = 1) LIMIT 1[0m
  [4;35;1mProjectDetail Columns (0.001744)[0m   [0mSHOW FIELDS FROM `project_details`[0m
  [4;36;1mAssignment Load (0.000528)[0m   [0;1mSELECT * FROM `assignments` WHERE (`assignments`.project_id = 1) [0m
  [4;35;1mAssignment Columns (0.001666)[0m   [0mSHOW FIELDS FROM `assignments`[0m
  [4;36;1mSQL (0.000140)[0m   [0;1mBEGIN[0m
  [4;35;1mSQL (0.000109)[0m   [0mCOMMIT[0m
Rendering template within layouts/application
Rendering projects/edit
Rendered projects/_task (0.00056)
  [4;36;1mEmployee Load (0.000322)[0m   [0;1mSELECT * FROM `employees` [0m
  [4;35;1mEmployee Columns (0.001837)[0m   [0mSHOW FIELDS FROM `employees`[0m
Rendered projects/_assignment (0.01182)
  [4;36;1mCategory Load (0.000417)[0m   [0;1mSELECT `categories`.* FROM `categories` INNER JOIN categorizations ON categories.id = categorizations.category_id WHERE ((`categorizations`.project_id = 1)) [0m
  [4;35;1mEmployee Load (0.000216)[0m   [0mSELECT `employees`.* FROM `employees` INNER JOIN assignments ON employees.id = assignments.employee_id WHERE ((`assignments`.project_id = 1)) [0m
Rendered projects/_error_messages (0.00927)
Rendered projects/_task (0.00046)
Rendered projects/_task (0.00042)
Rendered projects/_task (0.00041)
  [4;36;1mCACHE (0.000000)[0m   [0;1mSELECT * FROM `employees` [0m
Rendered projects/_assignment (0.00067)
  [4;35;1mCACHE (0.000000)[0m   [0mSELECT * FROM `employees` [0m
Rendered projects/_assignment (0.00066)
  [4;36;1mCACHE (0.000000)[0m   [0;1mSELECT * FROM `employees` [0m
Rendered projects/_assignment (0.00061)
  [4;35;1mCategory Load (0.000239)[0m   [0mSELECT * FROM `categories` [0m
  [4;36;1mCategory Columns (0.001761)[0m   [0;1mSHOW FIELDS FROM `categories`[0m
Rendered projects/_category (0.00400)
Rendered projects/_category (0.00034)
Rendered projects/_category (0.00027)
  [4;35;1mTag Load (0.000268)[0m   [0mSELECT * FROM `tags` [0m
  [4;36;1mSQL (0.000133)[0m   [0;1mselect count(*) from projects_tags[0m
  [4;35;1mJoin Table Columns (0.001723)[0m   [0mSHOW FIELDS FROM `projects_tags`[0m
  [4;36;1mTag Load (0.000861)[0m   [0;1mSELECT * FROM `tags` INNER JOIN `projects_tags` ON `tags`.id = `projects_tags`.tag_id WHERE (`projects_tags`.project_id = 1 ) [0m
Rendered projects/_form (0.11572)
Completed in 0.18711 (5 reqs/sec) | Rendering: 0.11873 (63%) | DB: 0.02190 (11%) | 200 OK [http://localhost/projects/1]
